<?xml version="1.0" encoding="UTF-8"?>
<!-- Generated by org.testng.reporters.JUnitReportReporter -->
<testsuite hostname="Rooja-PC" name="DynamicWebTable.TestDynamicWebTable" tests="1" failures="0" timestamp="22 Jan 2020 04:17:43 GMT" time="44.370" errors="0">
  <testcase name="testWebTable" time="44.370" classname="DynamicWebTable.TestDynamicWebTable"/>
</testsuite> <!-- DynamicWebTable.TestDynamicWebTable -->
