<?xml version="1.0" encoding="UTF-8"?>
<!-- Generated by org.testng.reporters.JUnitReportReporter -->
<testsuite hostname="Rooja-PC" name="JDBC.sampleInsertQuery" tests="1" failures="0" timestamp="21 Jan 2020 10:11:06 GMT" time="0.327" errors="0">
  <testcase name="testInsert" time="0.327" classname="JDBC.sampleInsertQuery"/>
</testsuite> <!-- JDBC.sampleInsertQuery -->
