<?xml version="1.0" encoding="UTF-8"?>
<!-- Generated by org.testng.reporters.JUnitReportReporter -->
<testsuite hostname="Rooja-PC" name="JDBC.SampleJDBCTest" tests="1" failures="0" timestamp="21 Jan 2020 10:10:41 GMT" time="0.281" errors="0">
  <testcase name="testJDBC" time="0.281" classname="JDBC.SampleJDBCTest"/>
</testsuite> <!-- JDBC.SampleJDBCTest -->
